<?xml version="1.0" encoding="UTF-8"?>
<!-- Generated by org.testng.reporters.JUnitXMLReporter -->
<testsuite hostname="DESKTOP-2TD3PPC" ignored="0" name="Test" tests="1" failures="0" timestamp="2020-04-07T11:51:46 IST" time="24.897" errors="0">
  <testcase name="@BeforeMethod configBM" time="4.139" classname="com.My.GenericLib.Base">
    <failure type="java.lang.NullPointerException">
      <![CDATA[java.lang.NullPointerException
at com.My.GenericLib.FileLib.getExcelData(FileLib.java:66)
at com.My.ObjectRepository.LogIn.<init>(LogIn.java:21)
at java.lang.Class.newInstance(Unknown Source)
at org.openqa.selenium.support.PageFactory.instantiatePage(PageFactory.java:131)
at org.openqa.selenium.support.PageFactory.initElements(PageFactory.java:64)
at com.My.GenericLib.Base.configBM(Base.java:51)
at java.util.ArrayList.forEach(Unknown Source)
... Removed 35 stack frames]]>
    </failure>
  </testcase> <!-- @BeforeMethod configBM -->
  <testcase name="@AfterMethod configAM" time="-1.586240505746E9" classname="com.My.GenericLib.Base">
    <skipped/>
  </testcase> <!-- @AfterMethod configAM -->
  <testcase name="@AfterClass configAC" time="-1.586240505758E9" classname="com.My.GenericLib.Base">
    <skipped/>
  </testcase> <!-- @AfterClass configAC -->
  <testcase name="dem" time="0.0" classname="com.My.MyntraScripts.Demo">
    <skipped/>
  </testcase> <!-- dem -->
</testsuite> <!-- Test -->
